{"/Users/ren/IdeaProjects/starter-series/vscode-extension-starter/src/extension.js": {"path":"/Users/ren/IdeaProjects/starter-series/vscode-extension-starter/src/extension.js","statementMap":{"0":{"start":{"line":1,"column":15},"end":{"line":1,"column":32}},"1":{"start":{"line":2,"column":31},"end":{"line":2,"column":63}},"2":{"start":{"line":3,"column":32},"end":{"line":3,"column":58}},"3":{"start":{"line":10,"column":2},"end":{"line":16,"column":3}},"4":{"start":{"line":11,"column":4},"end":{"line":11,"column":32}},"5":{"start":{"line":12,"column":4},"end":{"line":12,"column":33}},"6":{"start":{"line":14,"column":4},"end":{"line":14,"column":82}},"7":{"start":{"line":15,"column":4},"end":{"line":15,"column":44}},"8":{"start":{"line":24,"column":0},"end":{"line":24,"column":42}}},"fnMap":{"0":{"name":"activate","decl":{"start":{"line":9,"column":9},"end":{"line":9,"column":17}},"loc":{"start":{"line":9,"column":27},"end":{"line":17,"column":1}},"line":9},"1":{"name":"deactivate","decl":{"start":{"line":22,"column":9},"end":{"line":22,"column":19}},"loc":{"start":{"line":22,"column":22},"end":{"line":22,"column":24}},"line":22}},"branchMap":{},"s":{"0":1,"1":1,"2":1,"3":2,"4":2,"5":1,"6":1,"7":1,"8":1},"f":{"0":2,"1":1},"b":{},"_coverageSchema":"1a1c01bbd47fc00a2c39e90264f33305004495a9","hash":"a55025b53914314ebac342b29668822d1d6ae6cf"}
,"/Users/ren/IdeaProjects/starter-series/vscode-extension-starter/src/commands/helloWorld.js": {"path":"/Users/ren/IdeaProjects/starter-series/vscode-extension-starter/src/commands/helloWorld.js","statementMap":{"0":{"start":{"line":1,"column":15},"end":{"line":1,"column":32}},"1":{"start":{"line":8,"column":21},"end":{"line":13,"column":3}},"2":{"start":{"line":11,"column":6},"end":{"line":11,"column":77}},"3":{"start":{"line":15,"column":2},"end":{"line":15,"column":41}},"4":{"start":{"line":18,"column":0},"end":{"line":18,"column":40}}},"fnMap":{"0":{"name":"registerHelloWorld","decl":{"start":{"line":7,"column":9},"end":{"line":7,"column":27}},"loc":{"start":{"line":7,"column":37},"end":{"line":16,"column":1}},"line":7},"1":{"name":"(anonymous_1)","decl":{"start":{"line":10,"column":4},"end":{"line":10,"column":5}},"loc":{"start":{"line":10,"column":10},"end":{"line":12,"column":5}},"line":10}},"branchMap":{},"s":{"0":1,"1":5,"2":1,"3":4,"4":1},"f":{"0":5,"1":1},"b":{},"_coverageSchema":"1a1c01bbd47fc00a2c39e90264f33305004495a9","hash":"a0707a69e0933a1f25df9723f8f4cb34eebd1a94"}
,"/Users/ren/IdeaProjects/starter-series/vscode-extension-starter/src/webview/panel.js": {"path":"/Users/ren/IdeaProjects/starter-series/vscode-extension-starter/src/webview/panel.js","statementMap":{"0":{"start":{"line":1,"column":15},"end":{"line":1,"column":32}},"1":{"start":{"line":2,"column":15},"end":{"line":2,"column":32}},"2":{"start":{"line":16,"column":18},"end":{"line":16,"column":45}},"3":{"start":{"line":17,"column":19},"end":{"line":17,"column":33}},"4":{"start":{"line":26,"column":2},"end":{"line":26,"column":51}},"5":{"start":{"line":38,"column":2},"end":{"line":42,"column":4}},"6":{"start":{"line":54,"column":14},"end":{"line":54,"column":48}},"7":{"start":{"line":55,"column":2},"end":{"line":92,"column":9}},"8":{"start":{"line":105,"column":2},"end":{"line":105,"column":59}},"9":{"start":{"line":105,"column":47},"end":{"line":105,"column":59}},"10":{"start":{"line":106,"column":2},"end":{"line":117,"column":3}},"11":{"start":{"line":107,"column":20},"end":{"line":110,"column":7}},"12":{"start":{"line":107,"column":70},"end":{"line":110,"column":5}},"13":{"start":{"line":111,"column":21},"end":{"line":114,"column":5}},"14":{"start":{"line":115,"column":4},"end":{"line":115,"column":26}},"15":{"start":{"line":116,"column":4},"end":{"line":116,"column":20}},"16":{"start":{"line":118,"column":2},"end":{"line":118,"column":14}},"17":{"start":{"line":126,"column":17},"end":{"line":128,"column":15}},"18":{"start":{"line":130,"column":2},"end":{"line":133,"column":3}},"19":{"start":{"line":131,"column":4},"end":{"line":131,"column":32}},"20":{"start":{"line":132,"column":4},"end":{"line":132,"column":24}},"21":{"start":{"line":135,"column":16},"end":{"line":139,"column":4}},"22":{"start":{"line":141,"column":16},"end":{"line":141,"column":31}},"23":{"start":{"line":142,"column":2},"end":{"line":142,"column":56}},"24":{"start":{"line":144,"column":2},"end":{"line":148,"column":4}},"25":{"start":{"line":145,"column":17},"end":{"line":145,"column":88}},"26":{"start":{"line":145,"column":53},"end":{"line":145,"column":87}},"27":{"start":{"line":150,"column":2},"end":{"line":156,"column":4}},"28":{"start":{"line":152,"column":6},"end":{"line":152,"column":59}},"29":{"start":{"line":152,"column":34},"end":{"line":152,"column":59}},"30":{"start":{"line":158,"column":2},"end":{"line":158,"column":23}},"31":{"start":{"line":159,"column":2},"end":{"line":159,"column":15}},"32":{"start":{"line":167,"column":21},"end":{"line":169,"column":4}},"33":{"start":{"line":168,"column":4},"end":{"line":168,"column":26}},"34":{"start":{"line":170,"column":2},"end":{"line":170,"column":41}},"35":{"start":{"line":173,"column":0},"end":{"line":184,"column":2}},"36":{"start":{"line":182,"column":4},"end":{"line":182,"column":29}}},"fnMap":{"0":{"name":"generateNonce","decl":{"start":{"line":25,"column":9},"end":{"line":25,"column":22}},"loc":{"start":{"line":25,"column":25},"end":{"line":27,"column":1}},"line":25},"1":{"name":"buildCsp","decl":{"start":{"line":37,"column":9},"end":{"line":37,"column":17}},"loc":{"start":{"line":37,"column":36},"end":{"line":43,"column":1}},"line":37},"2":{"name":"renderHtml","decl":{"start":{"line":53,"column":9},"end":{"line":53,"column":19}},"loc":{"start":{"line":53,"column":36},"end":{"line":93,"column":1}},"line":53},"3":{"name":"handleMessage","decl":{"start":{"line":104,"column":9},"end":{"line":104,"column":22}},"loc":{"start":{"line":104,"column":78},"end":{"line":119,"column":1}},"line":104},"4":{"name":"(anonymous_4)","decl":{"start":{"line":107,"column":62},"end":{"line":107,"column":63}},"loc":{"start":{"line":107,"column":70},"end":{"line":110,"column":5}},"line":107},"5":{"name":"createOrShow","decl":{"start":{"line":125,"column":9},"end":{"line":125,"column":21}},"loc":{"start":{"line":125,"column":31},"end":{"line":160,"column":1}},"line":125},"6":{"name":"(anonymous_6)","decl":{"start":{"line":145,"column":4},"end":{"line":145,"column":5}},"loc":{"start":{"line":145,"column":17},"end":{"line":145,"column":88}},"line":145},"7":{"name":"(anonymous_7)","decl":{"start":{"line":145,"column":40},"end":{"line":145,"column":41}},"loc":{"start":{"line":145,"column":53},"end":{"line":145,"column":87}},"line":145},"8":{"name":"(anonymous_8)","decl":{"start":{"line":151,"column":4},"end":{"line":151,"column":5}},"loc":{"start":{"line":151,"column":10},"end":{"line":153,"column":5}},"line":151},"9":{"name":"registerShowWebview","decl":{"start":{"line":166,"column":9},"end":{"line":166,"column":28}},"loc":{"start":{"line":166,"column":38},"end":{"line":171,"column":1}},"line":166},"10":{"name":"(anonymous_10)","decl":{"start":{"line":167,"column":81},"end":{"line":167,"column":82}},"loc":{"start":{"line":167,"column":87},"end":{"line":169,"column":3}},"line":167},"11":{"name":"(anonymous_11)","decl":{"start":{"line":181,"column":11},"end":{"line":181,"column":12}},"loc":{"start":{"line":181,"column":17},"end":{"line":183,"column":3}},"line":181}},"branchMap":{"0":{"loc":{"start":{"line":104,"column":45},"end":{"line":104,"column":76}},"type":"default-arg","locations":[{"start":{"line":104,"column":60},"end":{"line":104,"column":76}}],"line":104},"1":{"loc":{"start":{"line":105,"column":2},"end":{"line":105,"column":59}},"type":"if","locations":[{"start":{"line":105,"column":2},"end":{"line":105,"column":59}},{"start":{},"end":{}}],"line":105},"2":{"loc":{"start":{"line":105,"column":6},"end":{"line":105,"column":45}},"type":"binary-expr","locations":[{"start":{"line":105,"column":6},"end":{"line":105,"column":14}},{"start":{"line":105,"column":18},"end":{"line":105,"column":45}}],"line":105},"3":{"loc":{"start":{"line":106,"column":2},"end":{"line":117,"column":3}},"type":"if","locations":[{"start":{"line":106,"column":2},"end":{"line":117,"column":3}},{"start":{},"end":{}}],"line":106},"4":{"loc":{"start":{"line":107,"column":21},"end":{"line":107,"column":56}},"type":"binary-expr","locations":[{"start":{"line":107,"column":21},"end":{"line":107,"column":50}},{"start":{"line":107,"column":54},"end":{"line":107,"column":56}}],"line":107},"5":{"loc":{"start":{"line":109,"column":12},"end":{"line":109,"column":52}},"type":"binary-expr","locations":[{"start":{"line":109,"column":12},"end":{"line":109,"column":17}},{"start":{"line":109,"column":22},"end":{"line":109,"column":34}},{"start":{"line":109,"column":38},"end":{"line":109,"column":51}}],"line":109},"6":{"loc":{"start":{"line":113,"column":20},"end":{"line":113,"column":45}},"type":"binary-expr","locations":[{"start":{"line":113,"column":20},"end":{"line":113,"column":37}},{"start":{"line":113,"column":41},"end":{"line":113,"column":45}}],"line":113},"7":{"loc":{"start":{"line":126,"column":17},"end":{"line":128,"column":15}},"type":"cond-expr","locations":[{"start":{"line":127,"column":6},"end":{"line":127,"column":47}},{"start":{"line":128,"column":6},"end":{"line":128,"column":15}}],"line":126},"8":{"loc":{"start":{"line":130,"column":2},"end":{"line":133,"column":3}},"type":"if","locations":[{"start":{"line":130,"column":2},"end":{"line":133,"column":3}},{"start":{},"end":{}}],"line":130},"9":{"loc":{"start":{"line":135,"column":72},"end":{"line":135,"column":83}},"type":"binary-expr","locations":[{"start":{"line":135,"column":72},"end":{"line":135,"column":78}},{"start":{"line":135,"column":82},"end":{"line":135,"column":83}}],"line":135},"10":{"loc":{"start":{"line":152,"column":6},"end":{"line":152,"column":59}},"type":"if","locations":[{"start":{"line":152,"column":6},"end":{"line":152,"column":59}},{"start":{},"end":{}}],"line":152}},"s":{"0":2,"1":2,"2":2,"3":2,"4":9,"5":9,"6":8,"7":8,"8":6,"9":2,"10":4,"11":3,"12":2,"13":3,"14":3,"15":3,"16":1,"17":6,"18":6,"19":1,"20":1,"21":5,"22":5,"23":5,"24":5,"25":1,"26":1,"27":5,"28":1,"29":1,"30":5,"31":5,"32":3,"33":1,"34":3,"35":2,"36":14},"f":{"0":9,"1":9,"2":8,"3":6,"4":2,"5":6,"6":1,"7":1,"8":1,"9":3,"10":1,"11":14},"b":{"0":[1],"1":[2,4],"2":[6,5],"3":[3,1],"4":[3,1],"5":[2,2,0],"6":[3,1],"7":[0,6],"8":[1,5],"9":[5,5],"10":[1,0]},"_coverageSchema":"1a1c01bbd47fc00a2c39e90264f33305004495a9","hash":"8940fb1ab8d49af552c2185db7c057b654306c8c"}
}
