TN:
SF:src/extension.js
FN:9,activate
FN:22,deactivate
FNF:2
FNH:2
FNDA:2,activate
FNDA:1,deactivate
DA:1,1
DA:2,1
DA:3,1
DA:10,2
DA:11,2
DA:12,1
DA:14,1
DA:15,1
DA:24,1
LF:9
LH:9
BRF:0
BRH:0
end_of_record
TN:
SF:src/commands/helloWorld.js
FN:7,registerHelloWorld
FN:10,(anonymous_1)
FNF:2
FNH:2
FNDA:5,registerHelloWorld
FNDA:1,(anonymous_1)
DA:1,1
DA:8,5
DA:11,1
DA:15,4
DA:18,1
LF:5
LH:5
BRF:0
BRH:0
end_of_record
TN:
SF:src/webview/panel.js
FN:25,generateNonce
FN:37,buildCsp
FN:53,renderHtml
FN:104,handleMessage
FN:107,(anonymous_4)
FN:125,createOrShow
FN:145,(anonymous_6)
FN:145,(anonymous_7)
FN:151,(anonymous_8)
FN:166,registerShowWebview
FN:167,(anonymous_10)
FN:181,(anonymous_11)
FNF:12
FNH:12
FNDA:9,generateNonce
FNDA:9,buildCsp
FNDA:8,renderHtml
FNDA:6,handleMessage
FNDA:2,(anonymous_4)
FNDA:6,createOrShow
FNDA:1,(anonymous_6)
FNDA:1,(anonymous_7)
FNDA:1,(anonymous_8)
FNDA:3,registerShowWebview
FNDA:1,(anonymous_10)
FNDA:14,(anonymous_11)
DA:1,2
DA:2,2
DA:16,2
DA:17,2
DA:26,9
DA:38,9
DA:54,8
DA:55,8
DA:105,6
DA:106,4
DA:107,3
DA:111,3
DA:115,3
DA:116,3
DA:118,1
DA:126,6
DA:130,6
DA:131,1
DA:132,1
DA:135,5
DA:141,5
DA:142,5
DA:144,5
DA:145,1
DA:150,5
DA:152,1
DA:158,5
DA:159,5
DA:167,3
DA:168,1
DA:170,3
DA:173,2
DA:182,14
LF:33
LH:33
BRDA:104,0,0,1
BRDA:105,1,0,2
BRDA:105,1,1,4
BRDA:105,2,0,6
BRDA:105,2,1,5
BRDA:106,3,0,3
BRDA:106,3,1,1
BRDA:107,4,0,3
BRDA:107,4,1,1
BRDA:109,5,0,2
BRDA:109,5,1,2
BRDA:109,5,2,0
BRDA:113,6,0,3
BRDA:113,6,1,1
BRDA:126,7,0,0
BRDA:126,7,1,6
BRDA:130,8,0,1
BRDA:130,8,1,5
BRDA:135,9,0,5
BRDA:135,9,1,5
BRDA:152,10,0,1
BRDA:152,10,1,0
BRF:22
BRH:19
end_of_record
